<?xml version="1.0" encoding="UTF-8"?>
<testsuite xmlns:xsi="http://www.w3.org/2001/XMLSchema-instance" xsi:noNamespaceSchemaLocation="https://maven.apache.org/surefire/maven-surefire-plugin/xsd/surefire-test-report.xsd" name="com.excilys.formation.java.cdb.test.ComputerTest" time="0.083" tests="7" errors="0" skipped="0" failures="0">
  <properties>
    <property name="sun.desktop" value="gnome"/>
    <property name="awt.toolkit" value="sun.awt.X11.XToolkit"/>
    <property name="java.specification.version" value="11"/>
    <property name="sun.cpu.isalist" value=""/>
    <property name="sun.jnu.encoding" value="UTF-8"/>
    <property name="java.class.path" value="/home/paduchene/eclipse-workspace/computer-database_maven/target/test-classes:/home/paduchene/eclipse-workspace/computer-database_maven/target/classes:/home/paduchene/.m2/repository/mysql/mysql-connector-java/8.0.20/mysql-connector-java-8.0.20.jar:/home/paduchene/.m2/repository/com/google/protobuf/protobuf-java/3.6.1/protobuf-java-3.6.1.jar:/home/paduchene/.m2/repository/junit/junit/4.13/junit-4.13.jar:/home/paduchene/.m2/repository/org/hamcrest/hamcrest-core/1.3/hamcrest-core-1.3.jar:/home/paduchene/.m2/repository/org/mockito/mockito-all/1.10.19/mockito-all-1.10.19.jar:/home/paduchene/.m2/repository/org/slf4j/slf4j-api/1.7.30/slf4j-api-1.7.30.jar:/home/paduchene/.m2/repository/log4j/log4j/1.2.17/log4j-1.2.17.jar:/home/paduchene/.m2/repository/org/slf4j/slf4j-simple/1.7.30/slf4j-simple-1.7.30.jar:/home/paduchene/.m2/repository/org/apache/tomcat/tomcat-util-scan/9.0.36/tomcat-util-scan-9.0.36.jar:/home/paduchene/.m2/repository/org/apache/tomcat/tomcat-juli/9.0.36/tomcat-juli-9.0.36.jar:/home/paduchene/.m2/repository/org/eclipse/jdt/ecj/3.21.0/ecj-3.21.0.jar:/home/paduchene/.m2/repository/org/apache/tomcat/tomcat-ssi/9.0.36/tomcat-ssi-9.0.36.jar:/home/paduchene/.m2/repository/org/apache/tomcat/tomcat-websocket/9.0.36/tomcat-websocket-9.0.36.jar:/home/paduchene/.m2/repository/org/apache/tomcat/tomcat-jasper/9.0.36/tomcat-jasper-9.0.36.jar:/home/paduchene/.m2/repository/org/apache/tomcat/tomcat-dbcp/9.0.36/tomcat-dbcp-9.0.36.jar:/home/paduchene/.m2/repository/org/apache/tomcat/tomcat-i18n-cs/9.0.36/tomcat-i18n-cs-9.0.36.jar:/home/paduchene/.m2/repository/org/apache/tomcat/tomcat-catalina/9.0.36/tomcat-catalina-9.0.36.jar:/home/paduchene/.m2/repository/org/apache/tomcat/tomcat-annotations-api/9.0.36/tomcat-annotations-api-9.0.36.jar:/home/paduchene/.m2/repository/org/apache/tomcat/tomcat-api/9.0.36/tomcat-api-9.0.36.jar:/home/paduchene/.m2/repository/org/apache/tomcat/tomcat-coyote/9.0.36/tomcat-coyote-9.0.36.jar:/home/paduchene/.m2/repository/org/apache/tomcat/tomcat-i18n-ru/9.0.36/tomcat-i18n-ru-9.0.36.jar:/home/paduchene/.m2/repository/org/apache/tomcat/tomcat-util/9.0.36/tomcat-util-9.0.36.jar:/home/paduchene/.m2/repository/org/apache/tomcat/tomcat-websocket-api/9.0.36/tomcat-websocket-api-9.0.36.jar:/home/paduchene/.m2/repository/org/apache/tomcat/tomcat-jdbc/9.0.36/tomcat-jdbc-9.0.36.jar:/home/paduchene/.m2/repository/org/apache/tomcat/tomcat-servlet-api/9.0.36/tomcat-servlet-api-9.0.36.jar:/home/paduchene/.m2/repository/org/apache/tomcat/tomcat-catalina-ant/9.0.36/tomcat-catalina-ant-9.0.36.jar:/home/paduchene/.m2/repository/org/apache/tomcat/tomcat-storeconfig/9.0.36/tomcat-storeconfig-9.0.36.jar:/home/paduchene/.m2/repository/org/apache/tomcat/tomcat-i18n-es/9.0.36/tomcat-i18n-es-9.0.36.jar:/home/paduchene/.m2/repository/org/apache/tomcat/tomcat-jni/9.0.36/tomcat-jni-9.0.36.jar:/home/paduchene/.m2/repository/org/apache/tomcat/tomcat-i18n-de/9.0.36/tomcat-i18n-de-9.0.36.jar:/home/paduchene/.m2/repository/org/apache/tomcat/tomcat-i18n-zh-CN/9.0.36/tomcat-i18n-zh-CN-9.0.36.jar:/home/paduchene/.m2/repository/org/apache/tomcat/tomcat-i18n-ja/9.0.36/tomcat-i18n-ja-9.0.36.jar:/home/paduchene/.m2/repository/org/apache/tomcat/tomcat-el-api/9.0.36/tomcat-el-api-9.0.36.jar:/home/paduchene/.m2/repository/org/apache/tomcat/tomcat-i18n-pt-BR/9.0.36/tomcat-i18n-pt-BR-9.0.36.jar:/home/paduchene/.m2/repository/org/apache/tomcat/tomcat-tribes/9.0.36/tomcat-tribes-9.0.36.jar:/home/paduchene/.m2/repository/org/apache/tomcat/tomcat-jasper-el/9.0.36/tomcat-jasper-el-9.0.36.jar:/home/paduchene/.m2/repository/org/apache/tomcat/tomcat-jaspic-api/9.0.36/tomcat-jaspic-api-9.0.36.jar:/home/paduchene/.m2/repository/org/apache/tomcat/tomcat-i18n-ko/9.0.36/tomcat-i18n-ko-9.0.36.jar:/home/paduchene/.m2/repository/org/apache/tomcat/tomcat-jsp-api/9.0.36/tomcat-jsp-api-9.0.36.jar:/home/paduchene/.m2/repository/org/apache/tomcat/tomcat-i18n-fr/9.0.36/tomcat-i18n-fr-9.0.36.jar:/home/paduchene/.m2/repository/org/apache/tomcat/tomcat-catalina-ha/9.0.36/tomcat-catalina-ha-9.0.36.jar:"/>
    <property name="java.vm.vendor" value="Ubuntu"/>
    <property name="sun.arch.data.model" value="64"/>
    <property name="java.vendor.url" value="https://ubuntu.com/"/>
    <property name="user.timezone" value=""/>
    <property name="java.vm.specification.version" value="11"/>
    <property name="os.name" value="Linux"/>
    <property name="sun.java.launcher" value="SUN_STANDARD"/>
    <property name="user.country" value="FR"/>
    <property name="sun.boot.library.path" value="/usr/lib/jvm/java-11-openjdk-amd64/lib"/>
    <property name="sun.java.command" value="/home/paduchene/eclipse-workspace/computer-database_maven/target/surefire/surefirebooter3188480174725085610.jar /home/paduchene/eclipse-workspace/computer-database_maven/target/surefire 2020-06-29T16-07-20_068-jvmRun1 surefire15496195090573370967tmp surefire_014309029517888123080tmp"/>
    <property name="jdk.debug" value="release"/>
    <property name="surefire.test.class.path" value="/home/paduchene/eclipse-workspace/computer-database_maven/target/test-classes:/home/paduchene/eclipse-workspace/computer-database_maven/target/classes:/home/paduchene/.m2/repository/mysql/mysql-connector-java/8.0.20/mysql-connector-java-8.0.20.jar:/home/paduchene/.m2/repository/com/google/protobuf/protobuf-java/3.6.1/protobuf-java-3.6.1.jar:/home/paduchene/.m2/repository/junit/junit/4.13/junit-4.13.jar:/home/paduchene/.m2/repository/org/hamcrest/hamcrest-core/1.3/hamcrest-core-1.3.jar:/home/paduchene/.m2/repository/org/mockito/mockito-all/1.10.19/mockito-all-1.10.19.jar:/home/paduchene/.m2/repository/org/slf4j/slf4j-api/1.7.30/slf4j-api-1.7.30.jar:/home/paduchene/.m2/repository/log4j/log4j/1.2.17/log4j-1.2.17.jar:/home/paduchene/.m2/repository/org/slf4j/slf4j-simple/1.7.30/slf4j-simple-1.7.30.jar:/home/paduchene/.m2/repository/org/apache/tomcat/tomcat-util-scan/9.0.36/tomcat-util-scan-9.0.36.jar:/home/paduchene/.m2/repository/org/apache/tomcat/tomcat-juli/9.0.36/tomcat-juli-9.0.36.jar:/home/paduchene/.m2/repository/org/eclipse/jdt/ecj/3.21.0/ecj-3.21.0.jar:/home/paduchene/.m2/repository/org/apache/tomcat/tomcat-ssi/9.0.36/tomcat-ssi-9.0.36.jar:/home/paduchene/.m2/repository/org/apache/tomcat/tomcat-websocket/9.0.36/tomcat-websocket-9.0.36.jar:/home/paduchene/.m2/repository/org/apache/tomcat/tomcat-jasper/9.0.36/tomcat-jasper-9.0.36.jar:/home/paduchene/.m2/repository/org/apache/tomcat/tomcat-dbcp/9.0.36/tomcat-dbcp-9.0.36.jar:/home/paduchene/.m2/repository/org/apache/tomcat/tomcat-i18n-cs/9.0.36/tomcat-i18n-cs-9.0.36.jar:/home/paduchene/.m2/repository/org/apache/tomcat/tomcat-catalina/9.0.36/tomcat-catalina-9.0.36.jar:/home/paduchene/.m2/repository/org/apache/tomcat/tomcat-annotations-api/9.0.36/tomcat-annotations-api-9.0.36.jar:/home/paduchene/.m2/repository/org/apache/tomcat/tomcat-api/9.0.36/tomcat-api-9.0.36.jar:/home/paduchene/.m2/repository/org/apache/tomcat/tomcat-coyote/9.0.36/tomcat-coyote-9.0.36.jar:/home/paduchene/.m2/repository/org/apache/tomcat/tomcat-i18n-ru/9.0.36/tomcat-i18n-ru-9.0.36.jar:/home/paduchene/.m2/repository/org/apache/tomcat/tomcat-util/9.0.36/tomcat-util-9.0.36.jar:/home/paduchene/.m2/repository/org/apache/tomcat/tomcat-websocket-api/9.0.36/tomcat-websocket-api-9.0.36.jar:/home/paduchene/.m2/repository/org/apache/tomcat/tomcat-jdbc/9.0.36/tomcat-jdbc-9.0.36.jar:/home/paduchene/.m2/repository/org/apache/tomcat/tomcat-servlet-api/9.0.36/tomcat-servlet-api-9.0.36.jar:/home/paduchene/.m2/repository/org/apache/tomcat/tomcat-catalina-ant/9.0.36/tomcat-catalina-ant-9.0.36.jar:/home/paduchene/.m2/repository/org/apache/tomcat/tomcat-storeconfig/9.0.36/tomcat-storeconfig-9.0.36.jar:/home/paduchene/.m2/repository/org/apache/tomcat/tomcat-i18n-es/9.0.36/tomcat-i18n-es-9.0.36.jar:/home/paduchene/.m2/repository/org/apache/tomcat/tomcat-jni/9.0.36/tomcat-jni-9.0.36.jar:/home/paduchene/.m2/repository/org/apache/tomcat/tomcat-i18n-de/9.0.36/tomcat-i18n-de-9.0.36.jar:/home/paduchene/.m2/repository/org/apache/tomcat/tomcat-i18n-zh-CN/9.0.36/tomcat-i18n-zh-CN-9.0.36.jar:/home/paduchene/.m2/repository/org/apache/tomcat/tomcat-i18n-ja/9.0.36/tomcat-i18n-ja-9.0.36.jar:/home/paduchene/.m2/repository/org/apache/tomcat/tomcat-el-api/9.0.36/tomcat-el-api-9.0.36.jar:/home/paduchene/.m2/repository/org/apache/tomcat/tomcat-i18n-pt-BR/9.0.36/tomcat-i18n-pt-BR-9.0.36.jar:/home/paduchene/.m2/repository/org/apache/tomcat/tomcat-tribes/9.0.36/tomcat-tribes-9.0.36.jar:/home/paduchene/.m2/repository/org/apache/tomcat/tomcat-jasper-el/9.0.36/tomcat-jasper-el-9.0.36.jar:/home/paduchene/.m2/repository/org/apache/tomcat/tomcat-jaspic-api/9.0.36/tomcat-jaspic-api-9.0.36.jar:/home/paduchene/.m2/repository/org/apache/tomcat/tomcat-i18n-ko/9.0.36/tomcat-i18n-ko-9.0.36.jar:/home/paduchene/.m2/repository/org/apache/tomcat/tomcat-jsp-api/9.0.36/tomcat-jsp-api-9.0.36.jar:/home/paduchene/.m2/repository/org/apache/tomcat/tomcat-i18n-fr/9.0.36/tomcat-i18n-fr-9.0.36.jar:/home/paduchene/.m2/repository/org/apache/tomcat/tomcat-catalina-ha/9.0.36/tomcat-catalina-ha-9.0.36.jar:"/>
    <property name="sun.cpu.endian" value="little"/>
    <property name="user.home" value="/home/paduchene"/>
    <property name="user.language" value="fr"/>
    <property name="java.specification.vendor" value="Oracle Corporation"/>
    <property name="java.version.date" value="2020-04-14"/>
    <property name="java.home" value="/usr/lib/jvm/java-11-openjdk-amd64"/>
    <property name="file.separator" value="/"/>
    <property name="basedir" value="/home/paduchene/eclipse-workspace/computer-database_maven"/>
    <property name="java.vm.compressedOopsMode" value="Zero based"/>
    <property name="line.separator" value="&#10;"/>
    <property name="java.specification.name" value="Java Platform API Specification"/>
    <property name="java.vm.specification.vendor" value="Oracle Corporation"/>
    <property name="java.awt.graphicsenv" value="sun.awt.X11GraphicsEnvironment"/>
    <property name="surefire.real.class.path" value="/home/paduchene/eclipse-workspace/computer-database_maven/target/surefire/surefirebooter3188480174725085610.jar"/>
    <property name="sun.management.compiler" value="HotSpot 64-Bit Tiered Compilers"/>
    <property name="java.runtime.version" value="11.0.7+10-post-Ubuntu-2ubuntu218.04"/>
    <property name="user.name" value="paduchene"/>
    <property name="path.separator" value=":"/>
    <property name="os.version" value="5.3.0-61-generic"/>
    <property name="java.runtime.name" value="OpenJDK Runtime Environment"/>
    <property name="file.encoding" value="UTF-8"/>
    <property name="java.vm.name" value="OpenJDK 64-Bit Server VM"/>
    <property name="localRepository" value="/home/paduchene/.m2/repository"/>
    <property name="java.vendor.url.bug" value="https://bugs.launchpad.net/ubuntu/+source/openjdk-lts"/>
    <property name="java.io.tmpdir" value="/tmp"/>
    <property name="java.version" value="11.0.7"/>
    <property name="user.dir" value="/home/paduchene/eclipse-workspace/computer-database_maven"/>
    <property name="os.arch" value="amd64"/>
    <property name="java.vm.specification.name" value="Java Virtual Machine Specification"/>
    <property name="java.awt.printerjob" value="sun.print.PSPrinterJob"/>
    <property name="sun.os.patch.level" value="unknown"/>
    <property name="java.library.path" value="/usr/java/packages/lib:/usr/lib/x86_64-linux-gnu/jni:/lib/x86_64-linux-gnu:/usr/lib/x86_64-linux-gnu:/usr/lib/jni:/lib:/usr/lib"/>
    <property name="java.vendor" value="Ubuntu"/>
    <property name="java.vm.info" value="mixed mode"/>
    <property name="java.vm.version" value="11.0.7+10-post-Ubuntu-2ubuntu218.04"/>
    <property name="sun.io.unicode.encoding" value="UnicodeLittle"/>
    <property name="java.class.version" value="55.0"/>
  </properties>
  <testcase name="testGetIntroduced" classname="com.excilys.formation.java.cdb.test.ComputerTest" time="0.007"/>
  <testcase name="testGetId" classname="com.excilys.formation.java.cdb.test.ComputerTest" time="0"/>
  <testcase name="testSetId" classname="com.excilys.formation.java.cdb.test.ComputerTest" time="0"/>
  <testcase name="testGetName" classname="com.excilys.formation.java.cdb.test.ComputerTest" time="0"/>
  <testcase name="testGetDiscontinued" classname="com.excilys.formation.java.cdb.test.ComputerTest" time="0"/>
  <testcase name="testGetCompany_id" classname="com.excilys.formation.java.cdb.test.ComputerTest" time="0.001"/>
  <testcase name="testSetName" classname="com.excilys.formation.java.cdb.test.ComputerTest" time="0"/>
</testsuite>